#
# There is insufficient memory for the Java Runtime Environment to continue.
# Native memory allocation (mmap) failed to map 10485760 bytes for G1 virtual space
# Possible reasons:
#   The system is out of physical RAM or swap space
#   The process is running with CompressedOops enabled, and the Java Heap may be blocking the growth of the native heap
# Possible solutions:
#   Reduce memory load on the system
#   Increase physical memory or swap space
#   Check if swap backing store is full
#   Decrease Java heap size (-Xmx/-Xms)
#   Decrease number of Java threads
#   Decrease Java thread stack sizes (-Xss)
#   Set larger code cache with -XX:ReservedCodeCacheSize=
#   JVM is running with Zero Based Compressed Oops mode in which the Java heap is
#     placed in the first 32GB address space. The Java Heap base address is the
#     maximum limit for the native heap growth. Please use -XX:HeapBaseMinAddress
#     to set the Java Heap base and to place the Java Heap above 32GB virtual address.
# This output file may be truncated or incomplete.
#
#  Out of Memory Error (os_windows.cpp:3771), pid=8376, tid=7320
#
# JRE version:  (17.0.7+7) (build )
# Java VM: OpenJDK 64-Bit Server VM (17.0.7+7-b1000.6, mixed mode, sharing, tiered, compressed oops, compressed class ptrs, g1 gc, windows-amd64)
# No core dump will be written. Minidumps are not enabled by default on client versions of Windows
#

---------------  S U M M A R Y ------------

Command Line: git4idea.http.GitAskPassApp Username for 'https://gitlab.openpra.org': 

Host: Intel(R) Core(TM) i5-6400 CPU @ 2.70GHz, 4 cores, 39G,  Windows 10 , 64 bit Build 19041 (10.0.19041.3031)
Time: Wed Aug 23 09:01:04 2023 Eastern Daylight Time elapsed time: 0.016126 seconds (0d 0h 0m 0s)

---------------  T H R E A D  ---------------

Current thread (0x0000028c73eb3710):  JavaThread "Unknown thread" [_thread_in_vm, id=7320, stack(0x000000c0a6e00000,0x000000c0a6f00000)]

Stack: [0x000000c0a6e00000,0x000000c0a6f00000]
Native frames: (J=compiled Java code, j=interpreted, Vv=VM code, C=native code)
V  [jvm.dll+0x683bfa]
V  [jvm.dll+0x8430a4]
V  [jvm.dll+0x8449be]
V  [jvm.dll+0x845023]
V  [jvm.dll+0x24ad2f]
V  [jvm.dll+0x680ac9]
V  [jvm.dll+0x67519a]
V  [jvm.dll+0x30b3cb]
V  [jvm.dll+0x312876]
V  [jvm.dll+0x362233]
V  [jvm.dll+0x36244f]
V  [jvm.dll+0x2e14a8]
V  [jvm.dll+0x2e2414]
V  [jvm.dll+0x814391]
V  [jvm.dll+0x36ffe1]
V  [jvm.dll+0x7f396c]
V  [jvm.dll+0x3f305f]
V  [jvm.dll+0x3f4b91]
C  [jli.dll+0x528f]
C  [ucrtbase.dll+0x21bb2]
C  [KERNEL32.DLL+0x17614]
C  [ntdll.dll+0x526f1]


---------------  P R O C E S S  ---------------

Threads class SMR info:
_java_thread_list=0x00007ff8e3bed098, length=0, elements={
}

Java Threads: ( => current thread )

Other Threads:
  0x0000028c73f53b00 GCTaskThread "GC Thread#0" [stack: 0x000000c0a6f00000,0x000000c0a7000000] [id=2852]
  0x0000028c73f5ea00 ConcurrentGCThread "G1 Main Marker" [stack: 0x000000c0a7000000,0x000000c0a7100000] [id=9680]
  0x0000028c73f5f410 ConcurrentGCThread "G1 Conc#0" [stack: 0x000000c0a7100000,0x000000c0a7200000] [id=22356]

[error occurred during error reporting (printing all threads), id 0xc0000005, EXCEPTION_ACCESS_VIOLATION (0xc0000005) at pc=0x00007ff8e33a2087]

VM state: not at safepoint (not fully initialized)

VM Mutex/Monitor currently owned by a thread:  ([mutex/lock_event])
[0x0000028c73eacfa0] Heap_lock - owner thread: 0x0000028c73eb3710

Heap address: 0x0000000581000000, size: 10224 MB, Compressed Oops mode: Zero based, Oop shift amount: 3

CDS archive(s) mapped at: [0x0000000000000000-0x0000000000000000-0x0000000000000000), size 0, SharedBaseAddress: 0x0000000800000000, ArchiveRelocationMode: 0.
Narrow klass base: 0x0000000000000000, Narrow klass shift: 0, Narrow klass range: 0x0

GC Precious Log:
<Empty>

Heap:
 garbage-first heap   total 0K, used 0K [0x0000000581000000, 0x0000000800000000)
  region size 8192K, 0 young (0K), 0 survivors (0K)
 Metaspace       used 0K, committed 0K, reserved 0K
  class space    used 0K, committed 0K, reserved 0K

Heap Regions: E=young(eden), S=young(survivor), O=old, HS=humongous(starts), HC=humongous(continues), CS=collection set, F=free, OA=open archive, CA=closed archive, TAMS=top-at-mark-start (previous, next)

Card table byte_map: [0x0000028c7a870000,0x0000028c7bc70000] _byte_map_base: 0x0000028c77c68000

Marking Bits (Prev, Next): (CMBitMap*) 0x0000028c73f54110, (CMBitMap*) 0x0000028c73f54150
 Prev Bits: [0x0000028c0f000000, 0x0000028c18fc0000)
 Next Bits: [0x0000028c18fc0000, 0x0000028c22f80000)

GC Heap History (0 events):
No events

Dll operation events (1 events):
Event: 0.011 Loaded shared library C:\Program Files\JetBrains\PyCharm 2023.2\jbr\bin\java.dll

Deoptimization events (0 events):
No events

Classes unloaded (0 events):
No events

Classes redefined (0 events):
No events

Internal exceptions (0 events):
No events

VM Operations (0 events):
No events

Events (0 events):
No events


Dynamic libraries:
0x00007ff6ca2c0000 - 0x00007ff6ca2ca000 	C:\Program Files\JetBrains\PyCharm 2023.2\jbr\bin\java.exe
0x00007ff965750000 - 0x00007ff965948000 	C:\WINDOWS\SYSTEM32\ntdll.dll
0x00007ff9637b0000 - 0x00007ff96386f000 	C:\WINDOWS\System32\KERNEL32.DLL
0x00007ff9630b0000 - 0x00007ff9633a6000 	C:\WINDOWS\System32\KERNELBASE.dll
0x00007ff963570000 - 0x00007ff963670000 	C:\WINDOWS\System32\ucrtbase.dll
0x00007ff94d420000 - 0x00007ff94d437000 	C:\Program Files\JetBrains\PyCharm 2023.2\jbr\bin\jli.dll
0x00007ff94ef70000 - 0x00007ff94ef8b000 	C:\Program Files\JetBrains\PyCharm 2023.2\jbr\bin\VCRUNTIME140.dll
0x00007ff965030000 - 0x00007ff9651cd000 	C:\WINDOWS\System32\USER32.dll
0x00007ff963670000 - 0x00007ff963692000 	C:\WINDOWS\System32\win32u.dll
0x00007ff964fe0000 - 0x00007ff96500c000 	C:\WINDOWS\System32\GDI32.dll
0x00007ff9633b0000 - 0x00007ff9634c5000 	C:\WINDOWS\System32\gdi32full.dll
0x00007ff9634d0000 - 0x00007ff96356d000 	C:\WINDOWS\System32\msvcp_win.dll
0x00007ff950d20000 - 0x00007ff950fba000 	C:\WINDOWS\WinSxS\amd64_microsoft.windows.common-controls_6595b64144ccf1df_6.0.19041.1110_none_60b5254171f9507e\COMCTL32.dll
0x00007ff963870000 - 0x00007ff96390e000 	C:\WINDOWS\System32\msvcrt.dll
0x00007ff964ce0000 - 0x00007ff964d10000 	C:\WINDOWS\System32\IMM32.DLL
0x00007ff95a600000 - 0x00007ff95a60c000 	C:\Program Files\JetBrains\PyCharm 2023.2\jbr\bin\vcruntime140_1.dll
0x00007ff939fb0000 - 0x00007ff93a03d000 	C:\Program Files\JetBrains\PyCharm 2023.2\jbr\bin\msvcp140.dll
0x00007ff8e30b0000 - 0x00007ff8e3d30000 	C:\Program Files\JetBrains\PyCharm 2023.2\jbr\bin\server\jvm.dll
0x00007ff965310000 - 0x00007ff9653bf000 	C:\WINDOWS\System32\ADVAPI32.dll
0x00007ff964d10000 - 0x00007ff964dac000 	C:\WINDOWS\System32\sechost.dll
0x00007ff964a60000 - 0x00007ff964b86000 	C:\WINDOWS\System32\RPCRT4.dll
0x00007ff95d6b0000 - 0x00007ff95d6b9000 	C:\WINDOWS\SYSTEM32\WSOCK32.dll
0x00007ff950be0000 - 0x00007ff950c07000 	C:\WINDOWS\SYSTEM32\WINMM.dll
0x00007ff95cc60000 - 0x00007ff95cc6a000 	C:\WINDOWS\SYSTEM32\VERSION.dll
0x00007ff9649f0000 - 0x00007ff964a5b000 	C:\WINDOWS\System32\WS2_32.dll
0x00007ff960ce0000 - 0x00007ff960cf2000 	C:\WINDOWS\SYSTEM32\kernel.appcore.dll
0x00007ff95ce80000 - 0x00007ff95ce8a000 	C:\Program Files\JetBrains\PyCharm 2023.2\jbr\bin\jimage.dll
0x00007ff95ab20000 - 0x00007ff95ad04000 	C:\WINDOWS\SYSTEM32\DBGHELP.DLL
0x00007ff95aaa0000 - 0x00007ff95aad4000 	C:\WINDOWS\SYSTEM32\dbgcore.DLL
0x00007ff9636a0000 - 0x00007ff963722000 	C:\WINDOWS\System32\bcryptPrimitives.dll
0x00007ff955a40000 - 0x00007ff955a65000 	C:\Program Files\JetBrains\PyCharm 2023.2\jbr\bin\java.dll

dbghelp: loaded successfully - version: 4.0.5 - missing functions: none
symbol engine: initialized successfully - sym options: 0x614 - pdb path: .;C:\Program Files\JetBrains\PyCharm 2023.2\jbr\bin;C:\WINDOWS\SYSTEM32;C:\WINDOWS\WinSxS\amd64_microsoft.windows.common-controls_6595b64144ccf1df_6.0.19041.1110_none_60b5254171f9507e;C:\Program Files\JetBrains\PyCharm 2023.2\jbr\bin\server

VM Arguments:
java_command: git4idea.http.GitAskPassApp Username for 'https://gitlab.openpra.org': 
java_class_path (initial): C:/Program Files/JetBrains/PyCharm 2023.2/plugins/vcs-git/lib/git4idea-rt.jar;C:/Program Files/JetBrains/PyCharm 2023.2/lib/externalProcess-rt.jar
Launcher Type: SUN_STANDARD

[Global flags]
     intx CICompilerCount                          = 3                                         {product} {ergonomic}
     uint ConcGCThreads                            = 1                                         {product} {ergonomic}
     uint G1ConcRefinementThreads                  = 4                                         {product} {ergonomic}
   size_t G1HeapRegionSize                         = 8388608                                   {product} {ergonomic}
    uintx GCDrainStackTargetSize                   = 64                                        {product} {ergonomic}
   size_t InitialHeapSize                          = 671088640                                 {product} {ergonomic}
   size_t MarkStackSize                            = 4194304                                   {product} {ergonomic}
   size_t MaxHeapSize                              = 10720641024                               {product} {ergonomic}
   size_t MinHeapDeltaBytes                        = 8388608                                   {product} {ergonomic}
   size_t MinHeapSize                              = 8388608                                   {product} {ergonomic}
    uintx NonNMethodCodeHeapSize                   = 5832780                                {pd product} {ergonomic}
    uintx NonProfiledCodeHeapSize                  = 122912730                              {pd product} {ergonomic}
    uintx ProfiledCodeHeapSize                     = 122912730                              {pd product} {ergonomic}
    uintx ReservedCodeCacheSize                    = 251658240                              {pd product} {ergonomic}
     bool SegmentedCodeCache                       = true                                      {product} {ergonomic}
   size_t SoftMaxHeapSize                          = 10720641024                            {manageable} {ergonomic}
     bool UseCompressedClassPointers               = true                           {product lp64_product} {ergonomic}
     bool UseCompressedOops                        = true                           {product lp64_product} {ergonomic}
     bool UseG1GC                                  = true                                      {product} {ergonomic}
     bool UseLargePagesIndividualAllocation        = false                                  {pd product} {ergonomic}

Logging:
Log output configuration:
 #0: stdout all=warning uptime,level,tags
 #1: stderr all=off uptime,level,tags

Environment Variables:
PATH=C:/Program Files/Git/mingw64/libexec/git-core;C:/Program Files/Git/mingw64/libexec/git-core;C:\Program Files\Git\mingw64\bin;C:\Program Files\Git\usr\bin;C:\Users\Danny\bin;C:\Users\Danny\miniconda3;C:\Users\Danny\miniconda3\Library\mingw-w64\bin;C:\Users\Danny\miniconda3\Library\usr\bin;C:\Users\Danny\miniconda3\Library\bin;C:\Users\Danny\miniconda3\Scripts;C:\Users\Danny\miniconda3\bin;C:\Users\Danny\miniconda3\condabin;C:\Program Files\NVIDIA GPU Computing Toolkit\CUDA\v11.4\bin;C:\Program Files\NVIDIA GPU Computing Toolkit\CUDA\v11.4\libnvvp;C:\Program Files (x86)\Common Files\Intel\Shared Libraries\redist\intel64\compiler;C:\Program Files (x86)\Common Files\Intel\Shared Libraries\redist\ia32\compiler;C:\Program Files (x86)\Common Files\Oracle\Java\javapath;C:\Program Files (x86)\Cuminas\Document Express DjVu Plug-in;C:\Program Files (x86)\Common Files\Raytrix Shared\Bin;C:\Windows\system32;C:\Windows;C:\Windows\System32\Wbem;C:\Windows\System32\WindowsPowerShell\v1.0;C:\Windows\System32\OpenSSH;C:\Program Files\dotnet;C:\Program Files (x86)\Wolfram Research\WolframScript;C:\Program Files (x86)\NAG\EFBuilder 7.0\bin;C:\Program Files\PuTTY;C:\Program Files\NVIDIA Corporation\NVIDIA NvDLISR;C:\Program Files (x86)\NVIDIA Corporation\PhysX\Common;C:\Program Files\MATLAB\R2021b\bin;C:\WINDOWS\system32;C:\WINDOWS;C:\WINDOWS\System32\Wbem;C:\WINDOWS\System32\WindowsPowerShell\v1.0;C:\WINDOWS\System32\OpenSSH;C:\Program Files (x86)\R
USERNAME=Danny
DISPLAY=:0.0
LC_ALL=en_US.UTF-8
TERM=xterm-256color
TMPDIR=C:\Users\Danny\AppData\Local\Temp
OS=Windows_NT
PROCESSOR_IDENTIFIER=Intel64 Family 6 Model 94 Stepping 3, GenuineIntel
TMP=C:\Users\Danny\AppData\Local\Temp
TEMP=C:\Users\Danny\AppData\Local\Temp


JNI global refs:
JNI global refs: 0, weak refs: 0

JNI global refs memory usage: 0, weak refs: 0

OOME stack traces (most recent first):
Classloader memory used:


---------------  S Y S T E M  ---------------

OS:
 Windows 10 , 64 bit Build 19041 (10.0.19041.3031)
OS uptime: 8 days 12:32 hours

CPU: total 4 (initial active 4) (4 cores per cpu, 1 threads per core) family 6 model 94 stepping 3 microcode 0xcc, cx8, cmov, fxsr, mmx, 3dnowpref, sse, sse2, sse3, ssse3, sse4.1, sse4.2, popcnt, lzcnt, tsc, tscinvbit, avx, avx2, aes, erms, clmul, bmi1, bmi2, adx, fma, vzeroupper, clflush, clflushopt

Memory: 4k page, system-wide physical 40872M (20317M free)
TotalPageFile size 49372M (AvailPageFile size 13M)
current process WorkingSet (physical memory assigned to process): 10M, peak: 10M
current process commit charge ("private bytes"): 693M, peak: 703M

vm_info: OpenJDK 64-Bit Server VM (17.0.7+7-b1000.6) for windows-amd64 JRE (17.0.7+7-b1000.6), built on 2023-07-07 by "builduser" with MS VC++ 16.10 / 16.11 (VS2019)

END.
